[backblue.gif]
[fade.gif]
[index.html]
[luisnascimento.com/wp-content/uploads/2015/04/favicon.jpg]
[luisnascimento.com/feed/index.html]
[luisnascimento.com/wp-includes/js/jquery/jquery4a5f.js]
[luisnascimento.com/wp-includes/js/jquery/jquery-migrate.min330a.js]
[luisnascimento.com/wp-content/themes/salient/js/modernizr61da.js]
[luisnascimento.com/wp-includes/js/mediaelement/mediaelement-and-player.min45a0.js]
[luisnascimento.com/wp-includes/js/mediaelement/mediaelement-migrate.min8ded.js]
[luisnascimento.com/wp-content/plugins/js_composer_salient/assets/lib/progress-circle/ProgressCircle8ded.js]
[luisnascimento.com/wp-content/plugins/js_composer_salient/assets/lib/vc_chart/jquery.vc_chart8ded.js]
[luisnascimento.com/xmlrpc0db0.php]
[luisnascimento.com/wp-includes/wlwmanifest.xml]
[luisnascimento.com/wp-json/index.html]
[luisnascimento.com/wp-json/oembed/1.0/embed416e.json]
[luisnascimento.com/wp-json/oembed/1.0/embeddffa]
[luisnascimento.com/wp-content/themes/salient/css/fonts/default_ext_chars/OpenSans-Light-webfont.eot]
[luisnascimento.com/wp-content/themes/salient/css/fonts/default_ext_chars/OpenSans-Light-webfont.woff]
[luisnascimento.com/wp-content/themes/salient/css/fonts/default_ext_chars/OpenSans-Light-webfont.ttf]
[luisnascimento.com/wp-content/themes/salient/css/fonts/default_ext_chars/OpenSans-Light-webfontd41d.eot]
[luisnascimento.com/wp-content/themes/salient/css/fonts/default_ext_chars/OpenSans-Regular-webfont.eot]
[luisnascimento.com/wp-content/themes/salient/css/fonts/default_ext_chars/OpenSans-Regular-webfont.woff]
[luisnascimento.com/wp-content/themes/salient/css/fonts/default_ext_chars/OpenSans-Regular-webfontd41d.eot]
[luisnascimento.com/wp-content/themes/salient/css/fonts/default_ext_chars/OpenSans-Regular-webfont.ttf]
[luisnascimento.com/wp-content/themes/salient/css/fonts/default_ext_chars/OpenSans-Semibold-webfont.eot]
[luisnascimento.com/wp-content/themes/salient/css/fonts/default_ext_chars/OpenSans-Semibold-webfont.woff]
[luisnascimento.com/wp-content/themes/salient/css/fonts/default_ext_chars/OpenSans-Semibold-webfontd41d.eot]
[luisnascimento.com/wp-content/themes/salient/css/fonts/default_ext_chars/OpenSans-Bold-webfont.eot]
[luisnascimento.com/wp-content/themes/salient/css/fonts/default_ext_chars/OpenSans-Bold-webfont.woff]
[luisnascimento.com/wp-content/themes/salient/css/fonts/default_ext_chars/OpenSans-Bold-webfontd41d.eot]
[luisnascimento.com/wp-content/themes/salient/css/fonts/default_ext_chars/OpenSans-Bold-webfont.ttf]
[luisnascimento.com/wp-content/uploads/2015/04/logo_normal.png]
[luisnascimento.com/wp-content/uploads/2015/04/logo_retina.png]
[luisnascimento.com/wp-content/uploads/2015/04/logo_header_starting.png]
[luisnascimento.com/wp-content/uploads/2015/04/logo_header_starting_retina.png]
[luisnascimento.com/wp-content/uploads/2019/10/bajouca-home_2.jpg]
[luisnascimento.com/wp-content/uploads/2019/09/velvet_thumb.jpg]
[luisnascimento.com/wp-content/uploads/2019/09/bajouca_thumb.jpg]
[luisnascimento.com/wp-content/uploads/2020/04/mercury_tumb_.jpg]
[luisnascimento.com/wp-content/uploads/2017/04/veneer_thumb.jpg]
[luisnascimento.com/wp-content/uploads/2016/11/cork-spot_thumb.jpg]
[luisnascimento.com/wp-content/uploads/2016/10/around_thumb.jpg]
[luisnascimento.com/wp-content/uploads/2016/05/rail_thumb.jpg]
[luisnascimento.com/wp-content/uploads/2016/05/loop_thumb.jpg]
[luisnascimento.com/wp-content/uploads/2016/04/lucca-thumb2.jpg]
[luisnascimento.com/wp-content/uploads/2015/10/veneer_thumb.jpg]
[luisnascimento.com/wp-content/uploads/2015/10/surface_thumb2.jpg]
[luisnascimento.com/wp-content/uploads/2015/07/beach-hut_thumb.jpg]
[luisnascimento.com/wp-content/uploads/2015/05/roof_thumb.jpg]
[luisnascimento.com/wp-content/uploads/2015/05/filter_thumb.jpg]
[luisnascimento.com/wp-content/uploads/2015/05/gradient_thumb.jpg]
[luisnascimento.com/wp-content/uploads/2015/05/pencil_thumb.jpg]
[luisnascimento.com/wp-content/uploads/2015/05/universal_thumb.jpg]
[luisnascimento.com/wp-content/uploads/2015/05/bastidor_thumb.jpg]
[luisnascimento.com/wp-content/uploads/2015/05/honeycomb_thumb.jpg]
[luisnascimento.com/wp-content/uploads/2015/07/cover_thumb.jpg]
[luisnascimento.com/wp-content/uploads/2019/09/TASCO_museu_olaria-600x403.jpg]
[luisnascimento.com/wp-content/uploads/2019/08/tasco_1-600x403.jpg]
[luisnascimento.com/wp-content/uploads/2018/12/carrousel_-600x403.jpg]
[luisnascimento.com/wp-content/uploads/2018/10/handle_with_care_thumb-600x403.jpg]
[luisnascimento.com/wp-includes/js/jquery/ui/core.mine899.js]
[luisnascimento.com/wp-includes/js/jquery/ui/widget.mine899.js]
[luisnascimento.com/wp-includes/js/jquery/ui/position.mine899.js]
[luisnascimento.com/wp-includes/js/jquery/ui/menu.mine899.js]
[luisnascimento.com/wp-includes/js/wp-sanitize.min8ded.js]
[luisnascimento.com/wp-includes/js/wp-a11y.min8ded.js]
[luisnascimento.com/wp-includes/js/jquery/ui/autocomplete.mine899.js]
[luisnascimento.com/wp-content/themes/salient/nectar/assets/functions/ajax-search/wpss-search-suggest.js]
[luisnascimento.com/wp-content/plugins/contact-form-7/includes/js/scripts6725.js]
[luisnascimento.com/wp-content/plugins/woocommerce/assets/js/jquery-blockui/jquery.blockUI.min44fd.js]
[luisnascimento.com/wp-content/plugins/woocommerce/assets/js/frontend/add-to-cart.min1ac1.js]
[luisnascimento.com/wp-content/plugins/woocommerce/assets/js/js-cookie/js.cookie.min6b25.js]
[luisnascimento.com/wp-content/plugins/woocommerce/assets/js/frontend/woocommerce.min1ac1.js]
[luisnascimento.com/wp-content/plugins/woocommerce/assets/js/frontend/cart-fragments.min1ac1.js]
[luisnascimento.com/wp-content/themes/salient/js/superfishb493.js]
[luisnascimento.com/wp-content/themes/salient/js/respond4963.js]
[luisnascimento.com/wp-content/themes/salient/js/nicescrolle248.js]
[luisnascimento.com/wp-content/themes/salient/js/sticky5152.js]
[luisnascimento.com/wp-content/themes/salient/js/prettyPhoto7e15.js]
[luisnascimento.com/wp-content/themes/salient/js/isotope.mind5f7.js]
[luisnascimento.com/wp-content/themes/salient/js/init7e15.js]
[luisnascimento.com/wp-content/themes/salient/js/infinitescroll5152.js]
[luisnascimento.com/wp-includes/js/mediaelement/wp-mediaelement.min8ded.js]
[luisnascimento.com/wp-content/themes/salient/js/nectar-slider7e15.js]
[luisnascimento.com/wp-includes/js/wp-embed.min8ded.js]
[luisnascimento.com/wp-content/plugins/js_composer_salient/assets/js/js_composer_front8f76.js]
[luisnascimento.com/index.html]
[luisnascimento.com/wp-includes/css/dist/block-library/style.min8ded.css]
[luisnascimento.com/wp-content/plugins/woocommerce/packages/woocommerce-blocks/build/stylea1ec.css]
[luisnascimento.com/wp-content/plugins/contact-form-7/images/ajax-loader.gif]
[luisnascimento.com/wp-content/plugins/contact-form-7/includes/css/styles6725.css]
[luisnascimento.com/wp-content/plugins/woocommerce/assets/css/woocommerce-layout1ac1.css]
[luisnascimento.com/wp-content/plugins/woocommerce/assets/css/woocommerce-smallscreen1ac1.css]
[luisnascimento.com/wp-content/plugins/woocommerce/assets/fonts/star.eot]
[luisnascimento.com/wp-content/plugins/woocommerce/assets/fonts/stard41d.eot]
[luisnascimento.com/wp-content/plugins/woocommerce/assets/fonts/star.woff]
[luisnascimento.com/wp-content/plugins/woocommerce/assets/fonts/star.ttf]
[luisnascimento.com/wp-content/plugins/woocommerce/assets/fonts/WooCommerce.eot]
[luisnascimento.com/wp-content/plugins/woocommerce/assets/fonts/WooCommerce.woff]
[luisnascimento.com/wp-content/plugins/woocommerce/assets/fonts/WooCommerced41d.eot]
[luisnascimento.com/wp-content/plugins/woocommerce/assets/fonts/WooCommerce.ttf]
[luisnascimento.com/wp-content/plugins/woocommerce/assets/css/woocommerce1ac1.css]
[luisnascimento.com/wp-includes/js/mediaelement/mediaelementplayer-legacy.min45a0.css]
[luisnascimento.com/wp-includes/js/mediaelement/wp-mediaelement.min8ded.css]
[luisnascimento.com/wp-content/themes/salient/css/rgs7e15.css]
[luisnascimento.com/wp-content/themes/salient/css/fonts/fontawesome-webfont3ea6.eot]
[luisnascimento.com/wp-content/themes/salient/css/fonts/fontawesome-webfontd41d.eot]
[luisnascimento.com/wp-content/themes/salient/css/fonts/fontawesome-webfont3ea6.woff]
[luisnascimento.com/wp-content/themes/salient/css/fonts/fontawesome-webfont3ea6.ttf]
[luisnascimento.com/wp-content/themes/salient/css/font-awesome.min8ded.css]
[luisnascimento.com/wp-content/themes/salient/css/fonts/OpenSans-Light-webfont.eot]
[luisnascimento.com/wp-content/themes/salient/css/fonts/OpenSans-Light-webfontd41d.eot]
[luisnascimento.com/wp-content/themes/salient/css/fonts/OpenSans-Light-webfont.woff]
[luisnascimento.com/wp-content/themes/salient/css/fonts/OpenSans-Light-webfont.ttf]
[luisnascimento.com/wp-content/themes/salient/css/fonts/OpenSans-Regular-webfont.eot]
[luisnascimento.com/wp-content/themes/salient/css/fonts/OpenSans-Regular-webfont.woff]
[luisnascimento.com/wp-content/themes/salient/css/fonts/OpenSans-Regular-webfontd41d.eot]
[luisnascimento.com/wp-content/themes/salient/css/fonts/OpenSans-Regular-webfont.ttf]
[luisnascimento.com/wp-content/themes/salient/css/fonts/OpenSans-Semibold-webfont.eot]
[luisnascimento.com/wp-content/themes/salient/css/fonts/OpenSans-Semibold-webfont.woff]
[luisnascimento.com/wp-content/themes/salient/css/fonts/OpenSans-Semibold-webfontd41d.eot]
[luisnascimento.com/wp-content/themes/salient/css/fonts/OpenSans-Semibold-webfont.ttf]
[luisnascimento.com/wp-content/themes/salient/css/fonts/OpenSansBold-webfont.eot]
[luisnascimento.com/wp-content/themes/salient/css/fonts/OpenSansBold-webfont.woff]
[luisnascimento.com/wp-content/themes/salient/css/fonts/OpenSansBold-webfontd41d.eot]
[luisnascimento.com/wp-content/themes/salient/css/fonts/OpenSansBold-webfont.ttf]
[luisnascimento.com/wp-content/themes/salient/img/icons/loading-white-bg.gif]
[luisnascimento.com/wp-content/themes/salient/img/icons/mag-glass-mobile.png]
[luisnascimento.com/wp-content/themes/salient/img/icons/mag-glass-mobile@2x.png]
[luisnascimento.com/wp-content/themes/salient/img/textures/diagonal_line.png]
[luisnascimento.com/wp-content/themes/salient/img/icons/nectar-loading.gif]
[luisnascimento.com/wp-content/themes/salient/img/textures/grid.png]
[luisnascimento.com/wp-content/themes/salient/img/icons/slider-arrows-small.png]
[luisnascimento.com/wp-content/themes/salient/img/icons/jplayer.png]
[luisnascimento.com/wp-content/themes/salient/img/transparent.png]
[luisnascimento.com/wp-content/themes/salient/img/prettyPhoto/dark_rounded/loader.gif]
[luisnascimento.com/wp-content/themes/salient/img/icons/quote.png]
[luisnascimento.com/wp-content/themes/salient/img/icons/link.png]
[luisnascimento.com/wp-content/themes/salient/img/icons/status.png]
[luisnascimento.com/wp-content/themes/salient/img/icons/aside.png]
[luisnascimento.com/wp-content/themes/salient/img/icons/quote@2x.png]
[luisnascimento.com/wp-content/themes/salient/img/icons/link@2x.png]
[luisnascimento.com/wp-content/themes/salient/img/icons/status@2x.png]
[luisnascimento.com/wp-content/themes/salient/img/icons/aside@2x.png]
[luisnascimento.com/wp-content/themes/salient/img/icons/portfolio-arrows.png]
[luisnascimento.com/wp-content/themes/salient/img/icons/portfolio-arrows@2x.png]
[luisnascimento.com/wp-content/themes/salient/img/icons/comment-children-line.jpg]
[luisnascimento.com/wp-content/themes/salient/css/fonts/icomoon.eot]
[luisnascimento.com/wp-content/themes/salient/css/fonts/icomoond41d.eot]
[luisnascimento.com/wp-content/themes/salient/css/fonts/icomoon.woff]
[luisnascimento.com/wp-content/themes/salient/css/fonts/icomoon.ttf]
[luisnascimento.com/wp-content/themes/salient/css/fonts/linecons.eot]
[luisnascimento.com/wp-content/themes/salient/css/fonts/linecons.ttf]
[luisnascimento.com/wp-content/themes/salient/css/fonts/lineconsd41d.eot]
[luisnascimento.com/wp-content/themes/salient/css/fonts/linecons.woff]
[luisnascimento.com/wp-content/themes/salient/css/fonts/steadysets.eot]
[luisnascimento.com/wp-content/themes/salient/css/fonts/steadysets.ttf]
[luisnascimento.com/wp-content/themes/salient/css/fonts/steadysetsd41d.eot]
[luisnascimento.com/wp-content/themes/salient/css/fonts/steadysets.woff]
[luisnascimento.com/wp-content/themes/salient/style7e15.css]
[luisnascimento.com/wp-content/themes/salient/css/responsive7e15.css]
[luisnascimento.com/wp-content/themes/salient/img/icons/cart-add.png]
[luisnascimento.com/wp-content/themes/salient/img/icons/cart-added.png]
[luisnascimento.com/wp-content/themes/salient/img/icons/cart-add@2x.png]
[luisnascimento.com/wp-content/themes/salient/img/icons/cart-added@2x.png]
[luisnascimento.com/wp-content/themes/salient/css/woocommerce8ded.css]
[luisnascimento.com/wp-content/plugins/js_composer_salient/assets/images/icons/address-book.png]
[luisnascimento.com/wp-content/plugins/js_composer_salient/assets/images/icons/alarm-clock.png]
[luisnascimento.com/wp-content/plugins/js_composer_salient/assets/images/icons/anchor.png]
[luisnascimento.com/wp-content/plugins/js_composer_salient/assets/images/icons/application-image.png]
[luisnascimento.com/wp-content/plugins/js_composer_salient/assets/images/icons/arrow.png]
[luisnascimento.com/wp-content/plugins/js_composer_salient/assets/images/icons/asterisk.png]
[luisnascimento.com/wp-content/plugins/js_composer_salient/assets/images/icons/auction-hammer.png]
[luisnascimento.com/wp-content/plugins/js_composer_salient/assets/images/icons/balloon.png]
[luisnascimento.com/wp-content/plugins/js_composer_salient/assets/images/icons/balloon-buzz.png]
[luisnascimento.com/wp-content/plugins/js_composer_salient/assets/images/icons/balloon-facebook.png]
[luisnascimento.com/wp-content/plugins/js_composer_salient/assets/images/icons/balloon-twitter.png]
[luisnascimento.com/wp-content/plugins/js_composer_salient/assets/images/icons/battery-full.png]
[luisnascimento.com/wp-content/plugins/js_composer_salient/assets/images/icons/binocular.png]
[luisnascimento.com/wp-content/plugins/js_composer_salient/assets/images/icons/blue-document-excel.png]
[luisnascimento.com/wp-content/plugins/js_composer_salient/assets/images/icons/blue-document-image.png]
[luisnascimento.com/wp-content/plugins/js_composer_salient/assets/images/icons/blue-document-music.png]
[luisnascimento.com/wp-content/plugins/js_composer_salient/assets/images/icons/blue-document-office.png]
[luisnascimento.com/wp-content/plugins/js_composer_salient/assets/images/icons/blue-document-pdf.png]
[luisnascimento.com/wp-content/plugins/js_composer_salient/assets/images/icons/blue-document-powerpoint.png]
[luisnascimento.com/wp-content/plugins/js_composer_salient/assets/images/icons/blue-document-word.png]
[luisnascimento.com/wp-content/plugins/js_composer_salient/assets/images/icons/bookmark.png]
[luisnascimento.com/wp-content/plugins/js_composer_salient/assets/images/icons/camcorder.png]
[luisnascimento.com/wp-content/plugins/js_composer_salient/assets/images/icons/camera.png]
[luisnascimento.com/wp-content/plugins/js_composer_salient/assets/images/icons/chart.png]
[luisnascimento.com/wp-content/plugins/js_composer_salient/assets/images/icons/chart-pie.png]
[luisnascimento.com/wp-content/plugins/js_composer_salient/assets/images/icons/clock.png]
[luisnascimento.com/wp-content/plugins/js_composer_salient/assets/images/icons/control.png]
[luisnascimento.com/wp-content/plugins/js_composer_salient/assets/images/icons/fire.png]
[luisnascimento.com/wp-content/plugins/js_composer_salient/assets/images/icons/heart.png]
[luisnascimento.com/wp-content/plugins/js_composer_salient/assets/images/icons/mail.png]
[luisnascimento.com/wp-content/plugins/js_composer_salient/assets/images/icons/plus-shield.png]
[luisnascimento.com/wp-content/plugins/js_composer_salient/assets/images/icons/video.png]
[luisnascimento.com/wp-content/plugins/js_composer_salient/assets/vc/alert.png]
[luisnascimento.com/wp-content/plugins/js_composer_salient/assets/vc/info.png]
[luisnascimento.com/wp-content/plugins/js_composer_salient/assets/vc/tick.png]
[luisnascimento.com/wp-content/plugins/js_composer_salient/assets/vc/exclamation.png]
[luisnascimento.com/wp-content/plugins/js_composer_salient/assets/images/toggle_open.png]
[luisnascimento.com/wp-content/plugins/js_composer_salient/assets/images/toggle_close.png]
[luisnascimento.com/wp-content/plugins/js_composer_salient/assets/images/flickr.png]
[luisnascimento.com/wp-content/plugins/js_composer_salient/assets/css/js_composer8f76.css]
[luisnascimento.com/wp-content/uploads/js_composer/custom8f76.css]
[luisnascimento.com/wp-content/themes/salient/css/fonts/default_ext_chars/OpenSans-Light-webfont.svg]
[luisnascimento.com/wp-content/themes/salient/css/fonts/default_ext_chars/OpenSans-Regular-webfont.svg]
[luisnascimento.com/wp-content/themes/salient/css/fonts/default_ext_chars/OpenSans-Semibold-webfont.ttf]
[luisnascimento.com/wp-content/themes/salient/css/fonts/default_ext_chars/OpenSans-Semibold-webfont.svg]
[luisnascimento.com/wp-content/themes/salient/css/fonts/default_ext_chars/OpenSans-Bold-webfont.svg]
[luisnascimento.com/wp-json/oembed/1.0/embed5fd7.json]
[luisnascimento.com/wp-json/oembed/1.0/embed87f3]
[luisnascimento.com/wp-content/uploads/2015/05/luisnascimento.jpg]
[luisnascimento.com/about-me/index.html]
[luisnascimento.com/wp-json/oembed/1.0/embed5a05.json]
[luisnascimento.com/wp-json/oembed/1.0/embedf381]
[luisnascimento.com/wp-content/uploads/2015/05/play_thumb.jpg]
[luisnascimento.com/wp-content/uploads/2015/05/maceracao_thumb.jpg]
[luisnascimento.com/wp-content/uploads/2015/05/non_thumb.jpg]
[luisnascimento.com/wp-content/uploads/2015/05/sardinha_thumb.jpg]
[luisnascimento.com/wp-content/uploads/2015/05/blueink_thumb.jpg]
[luisnascimento.com/wp-content/uploads/2015/05/crumpled_thumb.jpg]
[luisnascimento.com/wp-content/uploads/2015/05/fakedinchina_thumb.jpg]
[luisnascimento.com/work/index.html]
[luisnascimento.com/wp-content/uploads/2019/09/TASCO_museu_olaria.jpg]
[luisnascimento.com/wp-content/uploads/2019/09/TASCO_museu_olaria-500x500.jpg]
[luisnascimento.com/wp-content/uploads/2019/10/tasco_1.jpg]
[luisnascimento.com/wp-content/uploads/2019/10/tasco_2.jpg]
[luisnascimento.com/wp-content/uploads/2019/08/tasco_1-500x500.jpg]
[luisnascimento.com/wp-content/uploads/2019/08/tasco_2.jpg]
[luisnascimento.com/wp-content/uploads/2018/12/carrousel_-500x500.jpg]
[luisnascimento.com/wp-content/uploads/2018/10/handle_with_care_thumb-500x500.jpg]
[luisnascimento.com/wp-content/uploads/2018/10/handle_1.jpg]
[luisnascimento.com/wp-content/uploads/2018/10/handle_2.jpg]
[luisnascimento.com/wp-content/uploads/2018/10/handle_3.jpg]
[luisnascimento.com/wp-content/uploads/2018/10/handle_4.jpg]
[luisnascimento.com/wp-content/uploads/2018/10/handle_5.jpg]
[luisnascimento.com/wp-content/uploads/2017/12/raw_-500x500.jpg]
[luisnascimento.com/wp-content/uploads/2017/08/sc-vicara-1-500x500.jpg]
[luisnascimento.com/wp-content/uploads/2017/08/sc-vicara-2.jpg]
[luisnascimento.com/wp-content/uploads/2017/08/sc-vicara-4.jpg]
[luisnascimento.com/wp-content/uploads/2017/04/off-portugal_1-500x500.jpg]
[luisnascimento.com/wp-content/uploads/2017/04/off-portugal_2.jpg]
[luisnascimento.com/wp-content/uploads/2017/02/conf-ipca-500x500.jpg]
[luisnascimento.com/wp-content/uploads/2017/02/IDpool-500x500.jpg]
[luisnascimento.com/wp-content/uploads/2016/10/designinindustry-500x500.jpg]
[luisnascimento.com/news/index.html]
[luisnascimento.com/wp-json/oembed/1.0/embed5700.json]
[luisnascimento.com/wp-json/oembed/1.0/embede39c]
[luisnascimento.com/wp-content/uploads/2018/07/roof_magazine_july_2018.jpg]
[luisnascimento.com/wp-content/uploads/2019/02/trend_bible_AW19_20.jpg]
[luisnascimento.com/wp-content/uploads/2018/03/wallpaper_april_2018.jpg]
[luisnascimento.com/wp-content/uploads/2017/06/mobiliario_noticia_maio2017.jpg]
[luisnascimento.com/wp-content/uploads/2017/04/attitude.jpg]
[luisnascimento.com/wp-content/uploads/2017/04/chic-haus.jpg]
[luisnascimento.com/wp-content/uploads/2017/04/PLI.jpg]
[luisnascimento.com/wp-content/uploads/2017/04/Interni-Russia_november_2015.jpg]
[luisnascimento.com/wp-content/uploads/2017/04/wohnidee_november_2015.jpg]
[luisnascimento.com/wp-content/uploads/2017/04/milk-decoration.jpg]
[luisnascimento.com/wp-content/uploads/2017/04/places-of-spirit.jpg]
[luisnascimento.com/wp-content/uploads/2017/04/u-mag1.jpg]
[luisnascimento.com/wp-content/uploads/2017/04/u-mag2.jpg]
[luisnascimento.com/wp-content/uploads/2017/04/habitus-mag.jpg]
[luisnascimento.com/wp-content/uploads/2017/04/metatrend_korea_october-2014.jpg]
[luisnascimento.com/wp-content/uploads/2017/04/cover-mag.jpg]
[luisnascimento.com/wp-content/uploads/2017/04/shotenkenchichu_japan_august-2014.jpg]
[luisnascimento.com/wp-content/uploads/2017/04/marie-claire_France_Juin-2014.jpg]
[luisnascimento.com/wp-content/uploads/2017/04/sotokoto_japan_march-2013.jpg]
[luisnascimento.com/wp-content/uploads/2017/04/traço-1.jpg]
[luisnascimento.com/wp-content/uploads/2017/04/traço-2.jpg]
[luisnascimento.com/wp-content/uploads/2017/04/traço-3.jpg]
[luisnascimento.com/press/index.html]
[luisnascimento.com/wp-json/oembed/1.0/embed774b.json]
[luisnascimento.com/wp-json/oembed/1.0/embedefa7]
[luisnascimento.com/wp-content/themes/salient/js/map5152.js]
[luisnascimento.com/contact/index.html]
[luisnascimento.com/wp-json/oembed/1.0/embedc286.json]
[luisnascimento.com/wp-json/oembed/1.0/embedffa3]
[luisnascimento.com/wp-content/uploads/2019/09/velvet_1.jpg]
[luisnascimento.com/wp-content/uploads/2019/09/velvet_2.jpg]
[luisnascimento.com/wp-content/uploads/2019/09/velvet_3.jpg]
[luisnascimento.com/wp-content/plugins/gallery-images/assets/images/front_images/arrows/arrows.simple.png]
[luisnascimento.com/wp-content/plugins/gallery-images/assets/js/jquery.colorbox8a54.js]
[luisnascimento.com/wp-content/plugins/gallery-images/assets/js/jquery.hugeitmicro.min8a54.js]
[luisnascimento.com/wp-content/plugins/gallery-images/assets/js/custom8a54.js]
[luisnascimento.com/portfolio/velvet/index.html]
[luisnascimento.com/wp-json/oembed/1.0/embed3d9e.json]
[luisnascimento.com/wp-json/oembed/1.0/embede9a8]
[luisnascimento.com/wp-content/uploads/2019/09/bajouca_1.jpg]
[luisnascimento.com/wp-content/uploads/2019/09/bajouca_2.jpg]
[luisnascimento.com/wp-content/uploads/2019/09/bajouca_3.jpg]
[luisnascimento.com/wp-content/uploads/2019/09/bajouca_4.jpg]
[luisnascimento.com/wp-content/uploads/2019/09/bajouca_5.jpg]
[luisnascimento.com/wp-content/uploads/2019/09/bajouca_6_.jpg]
[luisnascimento.com/wp-content/uploads/2019/09/bajouca_7_.jpg]
[luisnascimento.com/portfolio/bajouca-base/index.html]
[luisnascimento.com/wp-json/oembed/1.0/embed.13aa3d3.delayed]
[luisnascimento.com/wp-json/oembed/1.0/embed132a]
[luisnascimento.com/wp-content/uploads/2020/04/mercury_1.jpg]
[luisnascimento.com/wp-content/uploads/2020/04/mercury_2.jpg]
[luisnascimento.com/wp-content/uploads/2020/04/mercury_3.jpg]
[luisnascimento.com/wp-content/uploads/2020/04/mercury_4.jpg]
[luisnascimento.com/wp-content/uploads/2020/04/mercury_5.jpg]
[luisnascimento.com/portfolio/mercury/index.html]
[luisnascimento.com/wp-json/oembed/1.0/embed4099.json]
[luisnascimento.com/wp-json/oembed/1.0/embedbd17]
[luisnascimento.com/wp-content/uploads/2017/04/veneer1_.jpg]
[luisnascimento.com/wp-content/uploads/2017/04/veneer3_.jpg]
[luisnascimento.com/wp-content/uploads/2017/04/veneer2_.jpg]
[luisnascimento.com/portfolio/veneer-ii/index.html]
[luisnascimento.com/wp-json/oembed/1.0/embed92dc.json]
[luisnascimento.com/wp-json/oembed/1.0/embed4fdc]
[luisnascimento.com/wp-content/uploads/2016/11/cs_00.jpg]
[luisnascimento.com/wp-content/uploads/2016/11/cs_0.jpg]
[luisnascimento.com/wp-content/uploads/2016/11/cs_2.jpg]
[luisnascimento.com/wp-content/uploads/2016/11/cs_3.jpg]
[luisnascimento.com/wp-content/uploads/2016/11/cs_4_.jpg]
[luisnascimento.com/wp-content/uploads/2016/11/cs_6__.jpg]
[luisnascimento.com/wp-content/uploads/2016/11/cs_5_.jpg]
[luisnascimento.com/wp-content/uploads/2016/11/cs_7_.jpg]
[luisnascimento.com/wp-content/uploads/2016/11/cs_8_.jpg]
[luisnascimento.com/wp-content/uploads/2016/11/cs_10.jpg]
[luisnascimento.com/wp-content/uploads/2016/11/cs_12.jpg]
[luisnascimento.com/wp-content/uploads/2016/11/cs_14.jpg]
[luisnascimento.com/wp-content/uploads/2016/11/cs_18.jpg]
[luisnascimento.com/portfolio/cork-spot/index.html]
[luisnascimento.com/wp-json/oembed/1.0/embed8618.json]
[luisnascimento.com/wp-json/oembed/1.0/embed48ef]
[luisnascimento.com/wp-content/uploads/2016/10/around_1.jpg]
[luisnascimento.com/wp-content/uploads/2016/10/around_2.jpg]
[luisnascimento.com/wp-content/uploads/2016/10/around_3.jpg]
[luisnascimento.com/wp-content/uploads/2016/10/around_4.jpg]
[luisnascimento.com/wp-content/uploads/2016/10/around_5.jpg]
[luisnascimento.com/wp-content/uploads/2016/10/around_6.jpg]
[luisnascimento.com/wp-content/uploads/2016/10/around_7.jpg]
[luisnascimento.com/wp-content/uploads/2016/10/around_8.jpg]
[luisnascimento.com/wp-content/uploads/2016/10/around_9.jpg]
[luisnascimento.com/wp-content/uploads/2016/10/around_10.jpg]
[luisnascimento.com/wp-content/uploads/2016/10/around_11.jpg]
[luisnascimento.com/portfolio/around-the-corner/index.html]
[luisnascimento.com/wp-json/oembed/1.0/embede651.json]
[luisnascimento.com/wp-json/oembed/1.0/embed74e6]
[luisnascimento.com/wp-content/uploads/2016/05/rail_0.jpg]
[luisnascimento.com/wp-content/uploads/2016/05/rail_1.jpg]
[luisnascimento.com/wp-content/uploads/2016/05/rail_2.jpg]
[luisnascimento.com/wp-content/uploads/2016/05/rail_3.jpg]
[luisnascimento.com/portfolio/rail/index.html]
[luisnascimento.com/wp-json/oembed/1.0/embedc6c4.json]
[luisnascimento.com/wp-json/oembed/1.0/embedfbd5]
[luisnascimento.com/wp-content/uploads/2016/05/loop-0.jpg]
[luisnascimento.com/wp-content/uploads/2016/05/loop-1.jpg]
[luisnascimento.com/wp-content/uploads/2016/05/loop-2.jpg]
[luisnascimento.com/wp-content/uploads/2016/05/loop-3.jpg]
[luisnascimento.com/wp-content/uploads/2016/05/loop-4.jpg]
[luisnascimento.com/wp-content/uploads/2016/05/loop-5.jpg]
[luisnascimento.com/wp-content/uploads/2016/05/loop-6.jpg]
[luisnascimento.com/wp-content/uploads/2016/05/loop-7.jpg]
[luisnascimento.com/portfolio/loop/index.html]
[luisnascimento.com/wp-json/oembed/1.0/embed9013.json]
[luisnascimento.com/wp-json/oembed/1.0/embed87c6]
[luisnascimento.com/wp-content/uploads/2016/04/lucca-1.jpg]
[luisnascimento.com/wp-content/uploads/2016/04/lucca-2.jpg]
[luisnascimento.com/wp-content/uploads/2016/04/lucca-3.jpg]
[luisnascimento.com/wp-content/uploads/2016/04/lucca-4.jpg]
[luisnascimento.com/wp-content/uploads/2016/04/lucca-5.jpg]
[luisnascimento.com/wp-content/uploads/2016/04/lucca-6.jpg]
[luisnascimento.com/portfolio/lucca/index.html]
[luisnascimento.com/wp-json/oembed/1.0/embedb796.json]
[luisnascimento.com/wp-json/oembed/1.0/embedcb63]
[luisnascimento.com/wp-content/uploads/2015/10/veneer-1.jpg]
[luisnascimento.com/wp-content/uploads/2015/10/veneer-2.jpg]
[luisnascimento.com/wp-content/uploads/2015/10/veneer-3.jpg]
[luisnascimento.com/wp-content/uploads/2015/10/veneer-4.jpg]
[luisnascimento.com/wp-content/uploads/2015/10/veneer-5.jpg]
[luisnascimento.com/wp-content/uploads/2015/10/veneer-6.jpg]
[luisnascimento.com/wp-content/uploads/2015/10/veneer-7.jpg]
[luisnascimento.com/portfolio/veneer/index.html]
[luisnascimento.com/wp-json/oembed/1.0/embed107d.json]
[luisnascimento.com/wp-json/oembed/1.0/embed46fb]
[luisnascimento.com/wp-content/uploads/2015/10/surface-1.jpg]
[luisnascimento.com/wp-content/uploads/2015/10/surface-2.jpg]
[luisnascimento.com/wp-content/uploads/2015/10/surface-3.jpg]
[luisnascimento.com/wp-content/uploads/2015/10/surface-4.jpg]
[luisnascimento.com/wp-content/uploads/2015/10/surface-5.jpg]
[luisnascimento.com/wp-content/uploads/2015/10/surface-6.jpg]
[luisnascimento.com/portfolio/surface/index.html]
[luisnascimento.com/wp-json/oembed/1.0/embed2771.json]
[luisnascimento.com/wp-json/oembed/1.0/embed0d59]
[luisnascimento.com/wp-content/uploads/2015/07/beach-1.jpg]
[luisnascimento.com/wp-content/uploads/2015/07/beach-2.jpg]
[luisnascimento.com/wp-content/uploads/2015/07/beach-3.jpg]
[luisnascimento.com/wp-content/uploads/2015/07/beach-4.jpg]
[luisnascimento.com/wp-content/uploads/2015/07/beach-5.jpg]
[luisnascimento.com/wp-content/uploads/2015/07/beach-6.jpg]
[luisnascimento.com/portfolio/beach-hut/index.html]
[luisnascimento.com/wp-json/oembed/1.0/embeddb72.json]
[luisnascimento.com/wp-json/oembed/1.0/embed6344]
[luisnascimento.com/wp-content/uploads/2015/05/roof1.jpg]
[luisnascimento.com/wp-content/uploads/2015/05/roof2.jpg]
[luisnascimento.com/wp-content/uploads/2015/05/roof3.jpg]
[luisnascimento.com/wp-content/uploads/2015/05/roof4.jpg]
[luisnascimento.com/wp-content/uploads/2015/05/roof5.jpg]
[luisnascimento.com/portfolio/roof/index.html]
[luisnascimento.com/wp-json/oembed/1.0/embed806c.json]
[luisnascimento.com/wp-json/oembed/1.0/embed2ef0]
[luisnascimento.com/wp-content/uploads/2015/05/filter1.jpg]
[luisnascimento.com/wp-content/uploads/2015/05/filter2.jpg]
[luisnascimento.com/wp-content/uploads/2015/05/filter3.jpg]
[luisnascimento.com/portfolio/filter/index.html]
[luisnascimento.com/wp-json/oembed/1.0/embed2077.json]
[luisnascimento.com/wp-json/oembed/1.0/embedcabb]
[luisnascimento.com/wp-content/uploads/2015/05/gradient1.jpg]
[luisnascimento.com/wp-content/uploads/2015/05/gradient2.jpg]
[luisnascimento.com/wp-content/uploads/2015/05/gradient3.jpg]
[luisnascimento.com/wp-content/uploads/2015/05/gradient4.jpg]
[luisnascimento.com/wp-content/uploads/2015/05/gradient5.jpg]
[luisnascimento.com/wp-content/uploads/2015/05/gradient6.jpg]
[luisnascimento.com/portfolio/gradient/index.html]
[luisnascimento.com/wp-json/oembed/1.0/embed8b5b.json]
[luisnascimento.com/wp-json/oembed/1.0/embed5719]
[luisnascimento.com/wp-content/uploads/2015/05/pencil1.jpg]
[luisnascimento.com/wp-content/uploads/2015/05/pencil2.jpg]
[luisnascimento.com/wp-content/uploads/2015/05/pencil3.jpg]
[luisnascimento.com/wp-content/uploads/2015/05/pencil4.jpg]
[luisnascimento.com/wp-content/uploads/2015/05/pencil5.jpg]
[luisnascimento.com/portfolio/pencil/index.html]
[luisnascimento.com/wp-json/oembed/1.0/embedcc4b.json]
[luisnascimento.com/wp-json/oembed/1.0/embed2aad]
[luisnascimento.com/wp-content/uploads/2015/05/universal1.jpg]
[luisnascimento.com/wp-content/uploads/2015/05/universal2.jpg]
[luisnascimento.com/wp-content/uploads/2015/05/universal3.jpg]
[luisnascimento.com/wp-content/uploads/2015/05/universal4.jpg]
[luisnascimento.com/wp-content/uploads/2015/05/universal5.jpg]
[luisnascimento.com/wp-content/uploads/2015/05/universal6.jpg]
[luisnascimento.com/wp-content/uploads/2015/05/universal7.jpg]
[luisnascimento.com/portfolio/universal/index.html]
[luisnascimento.com/wp-json/oembed/1.0/embed4c72.json]
[luisnascimento.com/wp-json/oembed/1.0/embed698d]
[luisnascimento.com/wp-content/uploads/2015/05/bastidor1.jpg]
[luisnascimento.com/wp-content/uploads/2015/05/bastidor2.jpg]
[luisnascimento.com/wp-content/uploads/2015/05/bastidor3.jpg]
[luisnascimento.com/wp-content/uploads/2015/05/bastidor4.jpg]
[luisnascimento.com/wp-content/uploads/2015/05/bastidor5.jpg]
[luisnascimento.com/wp-content/uploads/2015/05/bastidor6.jpg]
[luisnascimento.com/wp-content/uploads/2015/05/bastidor7.jpg]
[luisnascimento.com/portfolio/bastidor/index.html]
[luisnascimento.com/wp-json/oembed/1.0/embedc3eb.json]
[luisnascimento.com/wp-json/oembed/1.0/embedda25]
[luisnascimento.com/wp-content/uploads/2015/05/honeycomb1.jpg]
[luisnascimento.com/wp-content/uploads/2015/05/honeycomb2.jpg]
[luisnascimento.com/wp-content/uploads/2015/05/honeycomb3.jpg]
[luisnascimento.com/wp-content/uploads/2015/05/honeycomb4.jpg]
[luisnascimento.com/portfolio/honeycomb/index.html]
[luisnascimento.com/wp-json/oembed/1.0/embed939e.json]
[luisnascimento.com/wp-json/oembed/1.0/embed4aea]
[luisnascimento.com/wp-content/uploads/2015/07/cover_1.jpg]
[luisnascimento.com/wp-content/uploads/2015/07/cover_2.jpg]
[luisnascimento.com/wp-content/uploads/2015/07/cover_3.jpg]
[luisnascimento.com/wp-content/uploads/2015/07/cover_4.jpg]
[luisnascimento.com/wp-content/uploads/2015/07/cover_5.jpg]
[luisnascimento.com/portfolio/cover/index.html]
[luisnascimento.com/wp-json/oembed/1.0/embedc7d7.json]
[luisnascimento.com/wp-json/oembed/1.0/embedb3a0]
[luisnascimento.com/2019/09/28/tasco-tableware-collection/index.html]
[luisnascimento.com/author/luisnascimento/index.html]
[luisnascimento.com/category/sem-categoria/index.html]
[luisnascimento.com/wp-content/uploads/2019/08/tasco_1.jpg]
[luisnascimento.com/wp-json/oembed/1.0/embedc278.json]
[luisnascimento.com/wp-json/oembed/1.0/embed2ed0]
[luisnascimento.com/2019/08/22/tasco-by-vicara/index.html]
[luisnascimento.com/wp-content/uploads/2018/12/carrousel_.jpg]
[luisnascimento.com/wp-json/oembed/1.0/embedf654.json]
[luisnascimento.com/wp-json/oembed/1.0/embed7a73]
[luisnascimento.com/2018/12/15/carrousel-des-metiers-dart-et-de-creation-2018/index.html]
[luisnascimento.com/wp-content/uploads/2018/10/handle_with_care_thumb.jpg]
[luisnascimento.com/wp-json/oembed/1.0/embede162.json]
[luisnascimento.com/wp-json/oembed/1.0/embed5d64]
[luisnascimento.com/2018/10/23/handle-with-care/index.html]
[luisnascimento.com/wp-content/plugins/woocommerce/assets/fonts/star.svg]
[luisnascimento.com/wp-content/plugins/woocommerce/assets/fonts/WooCommerce.svg]
[luisnascimento.com/wp-content/plugins/woocommerce/assets/images/icons/loader.svg]
[luisnascimento.com/wp-content/plugins/woocommerce/assets/images/icons/credit-cards/visa.svg]
[luisnascimento.com/wp-content/plugins/woocommerce/assets/images/icons/credit-cards/mastercard.svg]
[luisnascimento.com/author/luisnascimento/feed/index.html]
[luisnascimento.com/category/sem-categoria/feed/index.html]
[luisnascimento.com/wp-content/plugins/woocommerce/assets/images/icons/credit-cards/laser.svg]
[luisnascimento.com/wp-content/plugins/woocommerce/assets/images/icons/credit-cards/diners.svg]
[luisnascimento.com/wp-content/plugins/woocommerce/assets/images/icons/credit-cards/maestro.svg]
[luisnascimento.com/wp-content/plugins/woocommerce/assets/images/icons/credit-cards/jcb.svg]
[luisnascimento.com/wp-content/plugins/woocommerce/assets/images/icons/credit-cards/amex.svg]
[luisnascimento.com/wp-content/plugins/woocommerce/assets/images/icons/credit-cards/discover.svg]
[luisnascimento.com/wp-includes/js/mediaelement/mejs-controls.svg]
[luisnascimento.com/wp-content/themes/salient/css/fonts/fontawesome-webfont.svg]
[luisnascimento.com/wp-content/themes/salient/css/fonts/OpenSans-Light-webfont.svg]
[luisnascimento.com/wp-content/themes/salient/css/fonts/OpenSans-Regular-webfont.svg]
[luisnascimento.com/wp-content/themes/salient/css/fonts/OpenSans-Semibold-webfont.svg]
[luisnascimento.com/wp-content/themes/salient/css/fonts/OpenSansBold-webfont.svg]
[luisnascimento.com/wp-content/themes/salient/img/icons/social/vimeo-header-black.html]
[luisnascimento.com/wp-content/themes/salient/img/icons/social/behance-header-black.html]
[luisnascimento.com/wp-content/themes/salient/img/stock/icons/magnify.html]
[luisnascimento.com/wp-content/themes/salient/img/stock/icons/link.html]
[luisnascimento.com/wp-content/themes/salient/img/stock/icons/image.html]
[luisnascimento.com/wp-content/themes/salient/img/stock/icons/video.html]
[luisnascimento.com/wp-content/themes/salient/css/fonts/icomoon.svg]
[luisnascimento.com/wp-content/themes/salient/css/fonts/linecons.svg]
[luisnascimento.com/wp-content/themes/salient/css/fonts/steadysets.svg]
[luisnascimento.com/wp-content/themes/salient/css/img/prettyPhoto/dark_rounded/loader.html]
[luisnascimento.com/wp-content/themes/salient/css/img/prettyPhoto/dark_rounded/close.html]
[luisnascimento.com/index5dea.html]
[luisnascimento.com/index5789.html]
[luisnascimento.com/wp-json/oembed/1.0/embed3a9d.json]
[luisnascimento.com/wp-json/oembed/1.0/embed694c]
[luisnascimento.com/wp-content/uploads/2015/05/play2.jpg]
[luisnascimento.com/wp-content/uploads/2015/05/play1.jpg]
[luisnascimento.com/portfolio/play/index.html]
[luisnascimento.com/wp-json/oembed/1.0/embed8e79.json]
[luisnascimento.com/wp-json/oembed/1.0/embedb52f]
[luisnascimento.com/wp-content/uploads/2015/05/maceracao0.jpg]
[luisnascimento.com/wp-content/uploads/2015/05/maceracao1.jpg]
[luisnascimento.com/wp-content/uploads/2015/05/maceracao2.jpg]
[luisnascimento.com/wp-content/uploads/2015/05/maceracao3.jpg]
[luisnascimento.com/wp-content/uploads/2015/05/maceracao4.jpg]
[luisnascimento.com/wp-content/uploads/2015/05/maceracao5.jpg]
[luisnascimento.com/wp-content/uploads/2015/05/maceracao6.jpg]
[luisnascimento.com/wp-content/uploads/2015/05/maceracao7.jpg]
[luisnascimento.com/wp-content/uploads/2015/05/maceracao8.jpg]
[luisnascimento.com/wp-content/uploads/2015/05/maceracao9.jpg]
[luisnascimento.com/portfolio/maceracao/index.html]
[luisnascimento.com/wp-json/oembed/1.0/embedff2f.json]
[luisnascimento.com/wp-json/oembed/1.0/embedb6c7]
[luisnascimento.com/wp-content/uploads/2015/05/non1.jpg]
[luisnascimento.com/wp-content/uploads/2015/05/non2.jpg]
[luisnascimento.com/wp-content/uploads/2015/05/non3.jpg]
[luisnascimento.com/wp-content/uploads/2015/05/non4.jpg]
[luisnascimento.com/wp-content/uploads/2015/05/non5.jpg]
[luisnascimento.com/wp-content/uploads/2015/05/non6.jpg]
[luisnascimento.com/wp-content/uploads/2015/05/non7.jpg]
[luisnascimento.com/wp-content/uploads/2015/05/non8.jpg]
[luisnascimento.com/portfolio/non-egocentric-graffiti/index.html]
[luisnascimento.com/wp-json/oembed/1.0/embeda1d3.json]
[luisnascimento.com/wp-json/oembed/1.0/embed2e89]
[luisnascimento.com/wp-content/uploads/2015/05/sardinha1.jpg]
[luisnascimento.com/wp-content/uploads/2015/05/sardinha2.jpg]
[luisnascimento.com/wp-content/uploads/2015/05/sardinha3.jpg]
[luisnascimento.com/wp-content/uploads/2015/05/sardinha4.jpg]
[luisnascimento.com/wp-content/uploads/2015/05/sardinha5.jpg]
[luisnascimento.com/wp-content/uploads/2015/05/sardinha6.jpg]
[luisnascimento.com/wp-content/uploads/2015/05/sardinha7.jpg]
[luisnascimento.com/wp-content/uploads/2015/05/sardinha8.jpg]
[luisnascimento.com/wp-content/uploads/2015/05/sardinha9.jpg]
[luisnascimento.com/portfolio/sardine/index.html]
[luisnascimento.com/wp-json/oembed/1.0/embeda8e3.json]
[luisnascimento.com/wp-json/oembed/1.0/embed3a19]
[luisnascimento.com/wp-content/uploads/2015/05/blueink1.jpg]
[luisnascimento.com/wp-content/uploads/2015/05/blueink2.jpg]
[luisnascimento.com/wp-content/uploads/2015/05/blueink3.jpg]
[luisnascimento.com/portfolio/blue-ink/index.html]
[luisnascimento.com/wp-json/oembed/1.0/embed4894.json]
[luisnascimento.com/wp-json/oembed/1.0/embed4d1a]
[luisnascimento.com/wp-content/uploads/2015/05/crumpled1.jpg]
[luisnascimento.com/wp-content/uploads/2015/05/crumpled2.jpg]
[luisnascimento.com/wp-content/uploads/2015/05/crumpled3.jpg]
[luisnascimento.com/wp-content/uploads/2015/05/crumpled4.jpg]
[luisnascimento.com/portfolio/crumpled/index.html]
[luisnascimento.com/wp-json/oembed/1.0/embed6a6e.json]
[luisnascimento.com/wp-json/oembed/1.0/embed3313]
[luisnascimento.com/wp-content/uploads/2015/05/fakedinchina2.jpg]
[luisnascimento.com/wp-content/uploads/2015/05/fakedinchina1.jpg]
[luisnascimento.com/portfolio/faked-in-china/index.html]
[luisnascimento.com/wp-content/uploads/2017/12/raw_.jpg]
[luisnascimento.com/wp-json/oembed/1.0/embed4e50.json]
[luisnascimento.com/wp-json/oembed/1.0/embedfbeb]
[luisnascimento.com/2017/12/15/cru-raw/index.html]
[luisnascimento.com/wp-content/uploads/2017/08/sc-vicara-1.jpg]
[luisnascimento.com/wp-json/oembed/1.0/embed9c93.json]
[luisnascimento.com/wp-json/oembed/1.0/embed8ed4]
[luisnascimento.com/2017/08/15/exploratory-camp-by-vicara/index.html]
[luisnascimento.com/wp-content/uploads/2017/04/off-portugal_1.jpg]
[luisnascimento.com/wp-json/oembed/1.0/embed9077.json]
[luisnascimento.com/wp-json/oembed/1.0/embede75a]
[luisnascimento.com/2017/04/03/off-portugal/index.html]
[luisnascimento.com/wp-content/uploads/2017/02/conf-ipca.jpg]
[luisnascimento.com/wp-json/oembed/1.0/embed1117.json]
[luisnascimento.com/wp-json/oembed/1.0/embed182c]
[luisnascimento.com/2017/02/06/seminar-at-ipca/index.html]
[luisnascimento.com/wp-content/uploads/2017/02/IDpool.jpg]
[luisnascimento.com/wp-json/oembed/1.0/embed570a.json]
[luisnascimento.com/wp-json/oembed/1.0/embed39a3]
[luisnascimento.com/2017/01/06/idpool-vista-alegre/index.html]
[luisnascimento.com/wp-content/uploads/2016/10/designinindustry.jpg]
[luisnascimento.com/wp-json/oembed/1.0/embedde0d.json]
[luisnascimento.com/wp-json/oembed/1.0/embed1aa6]
[luisnascimento.com/2016/10/08/designindustry/index.html]
[luisnascimento.com/wp-content/uploads/2016/10/lugares_new.jpg]
[luisnascimento.com/wp-content/uploads/2016/10/lugares_new-500x500.jpg]
[luisnascimento.com/wp-content/uploads/2016/10/lugares_1.jpg]
[luisnascimento.com/wp-content/uploads/2016/10/lugares_2.jpg]
[luisnascimento.com/wp-content/uploads/2016/10/lugares_3.jpg]
[luisnascimento.com/wp-content/uploads/2016/10/lugares_4.jpg]
[luisnascimento.com/wp-content/uploads/2016/07/handle_with_care-500x500.jpg]
[luisnascimento.com/wp-content/uploads/2016/07/handle_1.jpg]
[luisnascimento.com/wp-content/uploads/2016/07/handle_2.jpg]
[luisnascimento.com/wp-content/uploads/2016/07/handle_3.jpg]
[luisnascimento.com/wp-content/uploads/2016/07/handle_4.jpg]
[luisnascimento.com/wp-content/uploads/2016/07/handle_5.jpg]
[luisnascimento.com/wp-content/uploads/2016/05/caldasdesignweek-500x500.jpg]
[luisnascimento.com/wp-content/uploads/2016/06/cabides_site.jpg]
[luisnascimento.com/wp-content/uploads/2016/06/vidro_site.jpg]
[luisnascimento.com/wp-content/uploads/2016/06/workshop_thumb_-500x500.jpg]
[luisnascimento.com/wp-content/uploads/2016/06/workshop1.jpg]
[luisnascimento.com/wp-content/uploads/2016/06/workshop2.jpg]
[luisnascimento.com/wp-content/uploads/2016/06/workshop3.jpg]
[luisnascimento.com/wp-content/uploads/2016/06/workshop4.jpg]
[luisnascimento.com/wp-content/uploads/2016/04/objects-after-objects_thumb-500x500.jpg]
[luisnascimento.com/wp-content/uploads/2016/04/objects-after-objects.jpg]
[luisnascimento.com/wp-content/uploads/2015/12/design1-500x500.jpg]
[luisnascimento.com/wp-content/uploads/2015/12/design2.jpg]
[luisnascimento.com/wp-content/uploads/2015/11/desire-1-500x500.jpg]
[luisnascimento.com/wp-content/uploads/2015/11/desire-2.jpg]
[luisnascimento.com/wp-content/uploads/2015/11/desire-3.jpg]
[luisnascimento.com/wp-content/uploads/2015/11/desire-4.jpg]
[luisnascimento.com/wp-content/uploads/2015/11/desire-5.jpg]
[luisnascimento.com/wp-content/uploads/2015/11/desire-6.jpg]
[luisnascimento.com/wp-content/uploads/2015/11/desire-7.jpg]
[luisnascimento.com/wp-content/uploads/2015/10/portugal-by-design-1-500x500.jpg]
[luisnascimento.com/wp-content/uploads/2015/10/portugal-by-design_2.jpg]
[luisnascimento.com/wp-content/uploads/2015/09/leve-1-500x500.jpg]
[luisnascimento.com/wp-content/uploads/2015/09/leve-2.jpg]
[luisnascimento.com/wp-content/uploads/2015/09/leve-3.jpg]
[luisnascimento.com/wp-content/uploads/2015/05/showme1-500x500.jpg]
[luisnascimento.com/wp-content/uploads/2015/05/showme2.jpg]
[luisnascimento.com/news/page/2/index.html]
[luisnascimento.com/index942b.html]
[luisnascimento.com/indexe4fa.html]
[luisnascimento.com/index32b9.html]
[luisnascimento.com/wp-content/plugins/gallery-images/assets/style/gallery-all8ded.css]
[luisnascimento.com/wp-content/plugins/gallery-images/assets/style/style2-os8ded.css]
[luisnascimento.com/wp-content/plugins/gallery-images/assets/style/lightbox8ded.css]
[luisnascimento.com/wp-content/plugins/gallery-images/assets/images/admin_images/overlay.png]
[luisnascimento.com/wp-content/plugins/gallery-images/assets/images/admin_images/controls.png]
[luisnascimento.com/wp-content/plugins/gallery-images/assets/images/admin_images/border.png]
[luisnascimento.com/wp-content/plugins/gallery-images/assets/images/admin_images/loading_background.png]
[luisnascimento.com/wp-content/plugins/gallery-images/assets/images/admin_images/loading.gif]
[luisnascimento.com/wp-content/plugins/gallery-images/assets/style/colorbox-18ded.css]
[luisnascimento.com/wp-content/plugins/gallery-images/assets/style/src/iconFont.eot]
[luisnascimento.com/wp-content/plugins/gallery-images/assets/style/src/iconFont.woff]
[luisnascimento.com/wp-content/plugins/gallery-images/assets/style/src/iconFont.woff2]
[luisnascimento.com/wp-content/plugins/gallery-images/assets/style/src/iconFontd41d.eot]
[luisnascimento.com/wp-content/plugins/gallery-images/assets/style/src/iconFont.ttf]
[luisnascimento.com/wp-content/plugins/gallery-images/assets/style/css/font-awesome8ded.css]
[luisnascimento.com/wp-content/plugins/gallery-images/assets/js/view-slider8a54.js]
[luisnascimento.com/index1b88.html]
[luisnascimento.com/indexdc5e.html]
[luisnascimento.com/index8734.html]
[luisnascimento.com/index850e.html]
[luisnascimento.com/index9173.html]
[luisnascimento.com/indexc084.html]
[luisnascimento.com/indexd293.html]
[luisnascimento.com/index6f33.html]
[luisnascimento.com/index15df.html]
[luisnascimento.com/indexc730.html]
[luisnascimento.com/indexb4a5.html]
[luisnascimento.com/indexaa3b.html]
[luisnascimento.com/indexf42c.html]
[luisnascimento.com/index89d1.html]
[luisnascimento.com/index1a14.html]
[luisnascimento.com/index2dc4.html]
[luisnascimento.com/index2c41.html]
[luisnascimento.com/indexd775.html]
[luisnascimento.com/index5589.html]
[luisnascimento.com/indexe079.html]
[luisnascimento.com/2019/09/index.html]
[luisnascimento.com/2019/08/index.html]
[luisnascimento.com/2018/12/index.html]
[luisnascimento.com/2018/10/index.html]
[luisnascimento.com/2017/12/index.html]
[luisnascimento.com/2017/08/index.html]
[luisnascimento.com/2017/04/index.html]
[luisnascimento.com/2017/02/index.html]
[luisnascimento.com/2017/01/index.html]
[luisnascimento.com/2016/10/index.html]
[luisnascimento.com/wp-content/uploads/2016/07/handle_with_care-1024x683.jpg]
[luisnascimento.com/2016/07/index.html]
[luisnascimento.com/wp-content/uploads/2016/05/caldasdesignweek.jpg]
[luisnascimento.com/2016/06/index.html]
[luisnascimento.com/wp-content/uploads/2016/06/workshop_thumb_.jpg]
[luisnascimento.com/2016/05/index.html]
[luisnascimento.com/wp-content/uploads/2016/04/objects-after-objects_thumb.jpg]
[luisnascimento.com/2016/04/index.html]
[luisnascimento.com/wp-content/uploads/2015/12/design1.jpg]
[luisnascimento.com/2015/12/index.html]
[luisnascimento.com/wp-content/uploads/2015/11/desire-1.jpg]
[luisnascimento.com/2015/11/index.html]
[luisnascimento.com/wp-content/uploads/2015/10/portugal-by-design-1.jpg]
[luisnascimento.com/2015/10/index.html]
[luisnascimento.com/wp-content/uploads/2015/09/leve-1.jpg]
[luisnascimento.com/2015/09/index.html]
[luisnascimento.com/wp-content/uploads/2015/05/showme1.jpg]
[luisnascimento.com/wp-content/uploads/2015/05/designanddesign1-500x500.jpg]
[luisnascimento.com/wp-content/uploads/2015/05/designanddesign2.jpg]
[luisnascimento.com/wp-content/uploads/2015/05/designanddesign3.jpg]
[luisnascimento.com/wp-content/uploads/2015/05/designanddesign4.jpg]
[luisnascimento.com/2014/12/index.html]
[luisnascimento.com/wp-content/uploads/2015/05/droog.jpg]
[luisnascimento.com/wp-content/uploads/2015/05/droog-500x500.jpg]
[luisnascimento.com/wp-content/uploads/2015/05/droog1.jpg]
[luisnascimento.com/wp-content/uploads/2015/05/droog2.jpg]
[luisnascimento.com/2014/06/index.html]
[luisnascimento.com/wp-content/uploads/2015/05/pencilblackcork.jpg]
[luisnascimento.com/wp-content/uploads/2015/05/pencilblackcork-500x500.jpg]
[luisnascimento.com/2014/02/index.html]
[luisnascimento.com/wp-content/uploads/2015/05/bienal_cplp.jpg]
[luisnascimento.com/wp-content/uploads/2015/05/bienal_cplp-500x500.jpg]
[luisnascimento.com/2013/12/index.html]
[luisnascimento.com/wp-content/uploads/2015/05/mysweetdesignfair1.jpg]
[luisnascimento.com/wp-content/uploads/2015/05/mysweetdesignfair1-500x500.jpg]
[luisnascimento.com/wp-content/uploads/2015/05/mysweetdesignfair2.jpg]
[luisnascimento.com/2013/11/index.html]
[luisnascimento.com/wp-content/uploads/2015/05/cartaz-xxxiv.jpg]
[luisnascimento.com/wp-content/uploads/2015/05/cartaz-xxxiv-500x500.jpg]
[luisnascimento.com/2013/01/index.html]
[luisnascimento.com/wp-content/uploads/2015/05/boisbuchet1.jpg]
[luisnascimento.com/wp-content/uploads/2015/05/boisbuchet1-500x500.jpg]
[luisnascimento.com/wp-content/uploads/2015/05/boisbuchet2.jpg]
[luisnascimento.com/2012/10/index.html]
[luisnascimento.com/wp-content/uploads/2015/05/designamao1.jpg]
[luisnascimento.com/wp-content/uploads/2015/05/designamao1-500x500.jpg]
[luisnascimento.com/wp-content/uploads/2015/05/designamao2.jpg]
[luisnascimento.com/2012/07/index.html]
[luisnascimento.com/wp-content/uploads/2015/05/dme1.jpg]
[luisnascimento.com/wp-content/uploads/2015/05/dme1-500x500.jpg]
[luisnascimento.com/wp-content/uploads/2015/05/dme2.jpg]
[luisnascimento.com/2011/10/index.html]
[luisnascimento.com/wp-content/uploads/2015/05/presentation_sardinha1.jpg]
[luisnascimento.com/wp-content/uploads/2015/05/presentation_sardinha1-500x500.jpg]
[luisnascimento.com/wp-content/uploads/2015/05/presentation_sardinha2.jpg]
[luisnascimento.com/2010/06/index.html]
[luisnascimento.com/wp-content/uploads/2015/05/experimenta1.jpg]
[luisnascimento.com/wp-content/uploads/2015/05/experimenta1-500x500.jpg]
[luisnascimento.com/wp-content/uploads/2015/05/experimentadesign2.jpg]
[luisnascimento.com/2009/09/index.html]
[luisnascimento.com/author/luisnascimento/page/2/index.html]
[luisnascimento.com/category/sem-categoria/page/2/index.html]
[luisnascimento.com/index5879.html]
[luisnascimento.com/indexc436.html]
[luisnascimento.com/index644c.html]
[luisnascimento.com/index0d1f.html]
[luisnascimento.com/index9d3f.html]
[luisnascimento.com/index8608.html]
[luisnascimento.com/index41aa.html]
[luisnascimento.com/indexcbb7.html]
[luisnascimento.com/index1587.html]
[luisnascimento.com/indexd01d.html]
[luisnascimento.com/index4400.html]
[luisnascimento.com/index8ba8.html]
[luisnascimento.com/indexdf36.html]
[luisnascimento.com/index3688.html]
[luisnascimento.com/index135e.html]
[luisnascimento.com/wp-json/oembed/1.0/embedef0f.json]
[luisnascimento.com/wp-json/oembed/1.0/embed8617]
[luisnascimento.com/2016/10/01/nao-apenas-lugares-de-felicidade/index.html]
[luisnascimento.com/indexd1ee.html]
[luisnascimento.com/wp-json/oembed/1.0/embedc7a5.json]
[luisnascimento.com/wp-json/oembed/1.0/embedd238]
[luisnascimento.com/wp-content/uploads/2016/07/handle_with_care.jpg]
[luisnascimento.com/2016/07/25/handlewithcare/index.html]
[luisnascimento.com/wp-json/oembed/1.0/embedd245.json]
[luisnascimento.com/wp-json/oembed/1.0/embed7f12]
[luisnascimento.com/2016/06/02/caldas-design-week-0/index.html]
[luisnascimento.com/wp-json/oembed/1.0/embed5208.json]
[luisnascimento.com/wp-json/oembed/1.0/embedacda]
[luisnascimento.com/2016/05/26/design-to-connect/index.html]
[luisnascimento.com/wp-json/oembed/1.0/embedd5df.json]
[luisnascimento.com/wp-json/oembed/1.0/embed4e2c]
[luisnascimento.com/2016/04/06/objects-after-objects/index.html]
[luisnascimento.com/wp-json/oembed/1.0/embeda45f.json]
[luisnascimento.com/wp-json/oembed/1.0/embedf578]
[luisnascimento.com/2015/12/01/design-and-design-award-2015/index.html]
[luisnascimento.com/wp-json/oembed/1.0/embedd383.json]
[luisnascimento.com/wp-json/oembed/1.0/embed9a33]
[luisnascimento.com/2015/11/15/desire-tension-transition/index.html]
[luisnascimento.com/wp-json/oembed/1.0/embed83bf.json]
[luisnascimento.com/wp-json/oembed/1.0/embedea88]
[luisnascimento.com/2015/10/01/portugal-by-design/index.html]
[luisnascimento.com/category/uncategorized/index.html]
[luisnascimento.com/category/uncategorized/feed/index.html]
[luisnascimento.com/wp-json/oembed/1.0/embed24d9.json]
[luisnascimento.com/wp-json/oembed/1.0/embed51f0]
[luisnascimento.com/2015/09/01/leve-at-sao-paulo/index.html]
[luisnascimento.com/wp-json/oembed/1.0/embed6126.json]
[luisnascimento.com/wp-json/oembed/1.0/embedea7d]
[luisnascimento.com/2014/12/22/porttitor-porttitor-mollis-vitae-placerat-2-2/index.html]
[luisnascimento.com/wp-content/uploads/2015/05/designanddesign1.jpg]
[luisnascimento.com/news/page/3/index.html]
[luisnascimento.com/wp-content/plugins/gallery-images/assets/images/blank.html]
[luisnascimento.com/wp-content/plugins/gallery-images/assets/images/prev.html]
[luisnascimento.com/wp-content/plugins/gallery-images/assets/images/next.html]
[luisnascimento.com/wp-content/plugins/gallery-images/assets/style/src/iconFont.svg]
[luisnascimento.com/wp-json/oembed/1.0/embed9ad7.json]
[luisnascimento.com/wp-json/oembed/1.0/embedf8d8]
[luisnascimento.com/2014/12/20/design-and-design-award/index.html]
[luisnascimento.com/wp-json/oembed/1.0/embedf7cc.json]
[luisnascimento.com/wp-json/oembed/1.0/embedc13a]
[luisnascimento.com/2014/06/30/here-there-everywhere/index.html]
[luisnascimento.com/wp-json/oembed/1.0/embed00f8.json]
[luisnascimento.com/wp-json/oembed/1.0/embed9b54]
[luisnascimento.com/2014/02/02/pencil-for-blackcork/index.html]
[luisnascimento.com/wp-json/oembed/1.0/embed172e.json]
[luisnascimento.com/wp-json/oembed/1.0/embed9ad9]
[luisnascimento.com/2013/12/17/video-post/index.html]
[luisnascimento.com/wp-json/oembed/1.0/embed215b.json]
[luisnascimento.com/wp-json/oembed/1.0/embed06b8]
[luisnascimento.com/2013/11/06/amazing-post-with-all-the-goodies-2/index.html]
[luisnascimento.com/wp-json/oembed/1.0/embedce6d.json]
[luisnascimento.com/wp-json/oembed/1.0/embed01d3]
[luisnascimento.com/2013/01/24/conversas-xxxiv/index.html]
[luisnascimento.com/wp-json/oembed/1.0/embed664e.json]
[luisnascimento.com/wp-json/oembed/1.0/embed3339]
[luisnascimento.com/2012/10/03/be-my-guest/index.html]
[luisnascimento.com/wp-json/oembed/1.0/embed1e7f.json]
[luisnascimento.com/wp-json/oembed/1.0/embedac60]
[luisnascimento.com/2012/07/25/design-a-mao/index.html]
[luisnascimento.com/wp-json/oembed/1.0/embed4569.json]
[luisnascimento.com/wp-json/oembed/1.0/embed3574]
[luisnascimento.com/2011/10/05/ola-mundo/index.html]
[luisnascimento.com/author/admin/index.html]
[luisnascimento.com/author/admin/feed/index.html]
[luisnascimento.com/wp-json/oembed/1.0/embedb8c6.json]
[luisnascimento.com/wp-json/oembed/1.0/embed2304]
[luisnascimento.com/2010/06/18/sardinha-ao-sal/index.html]
[luisnascimento.com/wp-json/oembed/1.0/embed44c0.json]
[luisnascimento.com/wp-json/oembed/1.0/embed83bf]
[luisnascimento.com/2009/09/14/the-field/index.html]
[luisnascimento.com/author/luisnascimento/page/3/index.html]
[luisnascimento.com/category/sem-categoria/page/3/index.html]
[luisnascimento.com/index98ff.html]
[luisnascimento.com/index823e.html]
[luisnascimento.com/indexf3d6.html]
[luisnascimento.com/index258b.html]
[luisnascimento.com/indexb6cf.html]
[luisnascimento.com/index8394.html]
[luisnascimento.com/indexa140.html]
[luisnascimento.com/indexdc05.html]
[luisnascimento.com/indexc926.html]
[luisnascimento.com/index1062.html]
[luisnascimento.com/news/page/4/index.html]
[luisnascimento.com/index026c.html]
[luisnascimento.com/index2df4.html]
[luisnascimento.com/index33ee.html]
[luisnascimento.com/index5f87.html]
[luisnascimento.com/index16d1.html]
[luisnascimento.com/indexbc09.html]
[luisnascimento.com/indexbee1.html]
[luisnascimento.com/index61a9.html]
[luisnascimento.com/indexcff1.html]
[luisnascimento.com/index7ebe.html]
[luisnascimento.com/index5f87-2.html]
